#
# A fatal error has been detected by the Java Runtime Environment:
#
#  EXCEPTION_ACCESS_VIOLATION (0xc0000005) at pc=0x00007ff959b29dc0, pid=8068, tid=9096
#
# JRE version: Java(TM) SE Runtime Environment (8.0_45-b14) (build 1.8.0_45-b14)
# Java VM: Java HotSpot(TM) 64-Bit Server VM (25.45-b02 mixed mode windows-amd64 compressed oops)
# Problematic frame:
# C  [ig75icd64.dll+0x99dc0]
#
# Failed to write core dump. Minidumps are not enabled by default on client versions of Windows
#
# If you would like to submit a bug report, please visit:
#   http://bugreport.java.com/bugreport/crash.jsp
# The crash happened outside the Java Virtual Machine in native code.
# See problematic frame for where to report the bug.
#

---------------  T H R E A D  ---------------

Current thread (0x00000000027d0800):  JavaThread "main" [_thread_in_native, id=9096, stack(0x00000000026d0000,0x00000000027d0000)]

siginfo: ExceptionCode=0xc0000005, reading address 0x0000000000000000

Registers:
RAX=0x0000000000000000, RBX=0x0000000000000000, RCX=0x0000000000000000, RDX=0x0000000000000000
RSP=0x00000000027cbfc0, RBP=0x00000000027cc0f0, RSI=0x000000001b4973c0, RDI=0x000000001aaa7000
R8 =0x0000000000000060, R9 =0x0000000000000000, R10=0x0000000000000006, R11=0x0000000000000202
R12=0x0000000000000000, R13=0x00000000027cca60, R14=0x000000001b4973e8, R15=0x0000000000000010
RIP=0x00007ff959b29dc0, EFLAGS=0x0000000000010206

Top of Stack: (sp=0x00000000027cbfc0)
0x00000000027cbfc0:   0000000000000074 0000000000000000
0x00000000027cbfd0:   0000000000000063 0000000000000000
0x00000000027cbfe0:   0000000000d55000 00007ff959d023fc
0x00000000027cbff0:   0000000000d75cd0 000000001b4973c0
0x00000000027cc000:   00000000027cc0f0 00007ff900000001
0x00000000027cc010:   000000001b4d1d01 0000000000000000
0x00000000027cc020:   0000000000000000 0000000000010001
0x00000000027cc030:   0000000100000000 0000000000d75cd0
0x00000000027cc040:   0000000000000000 00000000025600d0
0x00000000027cc050:   0000037f00000001 0000000000001010
0x00000000027cc060:   000000001aaa7000 000000001b4d1d10
0x00000000027cc070:   0000000000000101 000000000000032a
0x00000000027cc080:   000000000000042b 0000000000000000
0x00000000027cc090:   000000001a035868 000000001b4c2d90
0x00000000027cc0a0:   0000000000000000 000003ff000003ff
0x00000000027cc0b0:   0000000000000000 0000000000000014 

Instructions: (pc=0x00007ff959b29dc0)
0x00007ff959b29da0:   72 9e 41 83 e0 7f 74 34 45 8b d0 44 8b c9 49 c1
0x00007ff959b29db0:   ea 04 4d 85 d2 74 25 66 0f 1f 84 00 00 00 00 00
0x00007ff959b29dc0:   66 0f 6f 02 41 ff c1 48 83 c7 10 41 8b c1 66 0f
0x00007ff959b29dd0:   e7 47 f0 48 83 c2 10 49 3b c2 72 e4 0f 28 74 24 


Register to memory mapping:

RAX=0x0000000000000000 is an unknown value
RBX=0x0000000000000000 is an unknown value
RCX=0x0000000000000000 is an unknown value
RDX=0x0000000000000000 is an unknown value
RSP=0x00000000027cbfc0 is pointing into the stack for thread: 0x00000000027d0800
RBP=0x00000000027cc0f0 is pointing into the stack for thread: 0x00000000027d0800
RSI=0x000000001b4973c0 is an unknown value
RDI=0x000000001aaa7000 is an unknown value
R8 =0x0000000000000060 is an unknown value
R9 =0x0000000000000000 is an unknown value
R10=0x0000000000000006 is an unknown value
R11=0x0000000000000202 is an unknown value
R12=0x0000000000000000 is an unknown value
R13=0x00000000027cca60 is pointing into the stack for thread: 0x00000000027d0800
R14=0x000000001b4973e8 is an unknown value
R15=0x0000000000000010 is an unknown value


Stack: [0x00000000026d0000,0x00000000027d0000],  sp=0x00000000027cbfc0,  free space=1007k
Native frames: (J=compiled Java code, j=interpreted, Vv=VM code, C=native code)
C  [ig75icd64.dll+0x99dc0]
C  [ig75icd64.dll+0x2723fc]
C  [ig75icd64.dll+0x1b518a]
C  [ig75icd64.dll+0x277067]
C  [ig75icd64.dll+0x17d124]
C  [ig75icd64.dll+0x4b919a]
C  0x00000000028e5e34

Java frames: (J=compiled Java code, j=interpreted, Vv=VM code)
j  org.lwjgl.opengl.GL11.nglDrawArrays(IIIJ)V+0
j  org.lwjgl.opengl.GL11.glDrawArrays(III)V+22
j  gene.game.renderer.Renderer.render(Lgene/game/renderer/RawModel;)V+27
j  gene.game.engine.GameCore.render()V+22
j  gene.game.engine.GameCore.loop()V+76
j  gene.game.engine.GameCore.run()V+34
j  gene.game.engine.GameCore.main([Ljava/lang/String;)V+7
v  ~StubRoutines::call_stub

---------------  P R O C E S S  ---------------

Java Threads: ( => current thread )
  0x000000001749e800 JavaThread "Service Thread" daemon [_thread_blocked, id=6264, stack(0x0000000019090000,0x0000000019190000)]
  0x0000000017447000 JavaThread "C1 CompilerThread2" daemon [_thread_blocked, id=5616, stack(0x0000000018b90000,0x0000000018c90000)]
  0x0000000017443800 JavaThread "C2 CompilerThread1" daemon [_thread_blocked, id=8668, stack(0x0000000018a90000,0x0000000018b90000)]
  0x000000001743c800 JavaThread "C2 CompilerThread0" daemon [_thread_blocked, id=5988, stack(0x0000000018990000,0x0000000018a90000)]
  0x000000001743b800 JavaThread "Attach Listener" daemon [_thread_blocked, id=272, stack(0x0000000018890000,0x0000000018990000)]
  0x000000001743a800 JavaThread "Signal Dispatcher" daemon [_thread_blocked, id=4724, stack(0x0000000018790000,0x0000000018890000)]
  0x00000000028c7800 JavaThread "Finalizer" daemon [_thread_blocked, id=5284, stack(0x0000000018690000,0x0000000018790000)]
  0x00000000028bf800 JavaThread "Reference Handler" daemon [_thread_blocked, id=4672, stack(0x0000000018590000,0x0000000018690000)]
=>0x00000000027d0800 JavaThread "main" [_thread_in_native, id=9096, stack(0x00000000026d0000,0x00000000027d0000)]

Other Threads:
  0x0000000017407000 VMThread [stack: 0x0000000018490000,0x0000000018590000] [id=5460]
  0x0000000018cb7000 WatcherThread [stack: 0x0000000019190000,0x0000000019290000] [id=5580]

VM state:not at safepoint (normal execution)

VM Mutex/Monitor currently owned by a thread: None

Heap:
 PSYoungGen      total 38400K, used 11474K [0x00000000d5c00000, 0x00000000d8680000, 0x0000000100000000)
  eden space 33280K, 34% used [0x00000000d5c00000,0x00000000d6734888,0x00000000d7c80000)
  from space 5120K, 0% used [0x00000000d8180000,0x00000000d8180000,0x00000000d8680000)
  to   space 5120K, 0% used [0x00000000d7c80000,0x00000000d7c80000,0x00000000d8180000)
 ParOldGen       total 87552K, used 0K [0x0000000081400000, 0x0000000086980000, 0x00000000d5c00000)
  object space 87552K, 0% used [0x0000000081400000,0x0000000081400000,0x0000000086980000)
 Metaspace       used 6636K, capacity 7864K, committed 8064K, reserved 1056768K
  class space    used 508K, capacity 552K, committed 640K, reserved 1048576K

Card table byte_map: [0x0000000011c90000,0x0000000012090000] byte_map_base: 0x0000000011886000

Marking Bits: (ParMarkBitMap*) 0x00000000697d4040
 Begin Bits: [0x0000000012740000, 0x00000000146f0000)
 End Bits:   [0x00000000146f0000, 0x00000000166a0000)

Polling page: 0x0000000000c40000

CodeCache: size=245760Kb used=1901Kb max_used=1913Kb free=243858Kb
 bounds [0x00000000028d0000, 0x0000000002b40000, 0x00000000118d0000]
 total_blobs=845 nmethods=307 adapters=451
 compilation: enabled

Compilation events (10 events):
Event: 2.830 Thread 0x0000000017447000  304       3       java.lang.Package::isSealed (13 bytes)
Event: 2.830 Thread 0x0000000017447000 nmethod 304 0x0000000002aa6b10 code [0x0000000002aa6c60, 0x0000000002aa6e10]
Event: 2.830 Thread 0x0000000017447000  305       3       java.lang.ClassLoader::compareCerts (149 bytes)
Event: 2.832 Thread 0x0000000017447000 nmethod 305 0x0000000002aa6e90 code [0x0000000002aa7060, 0x0000000002aa7918]
Event: 2.833 Thread 0x0000000017447000  306       3       java.net.URLClassLoader::isSealed (72 bytes)
Event: 2.835 Thread 0x0000000017447000 nmethod 306 0x0000000002aa8450 code [0x0000000002aa8680, 0x0000000002aa9278]
Event: 2.846 Thread 0x0000000017443800  307       4       java.lang.String::equals (81 bytes)
Event: 2.851 Thread 0x000000001743c800  308       4       sun.misc.MetaIndex::mayContain (51 bytes)
Event: 2.856 Thread 0x0000000017443800 nmethod 307 0x0000000002aade90 code [0x0000000002aadfe0, 0x0000000002aae218]
Event: 2.872 Thread 0x000000001743c800 nmethod 308 0x0000000002aac250 code [0x0000000002aac3a0, 0x0000000002aac698]

GC Heap History (0 events):
No events

Deoptimization events (0 events):
No events

Internal exceptions (6 events):
Event: 0.108 Thread 0x00000000027d0800 Exception <a 'java/lang/NoSuchMethodError': Method sun.misc.Unsafe.defineClass(Ljava/lang/String;[BII)Ljava/lang/Class; name or signature does not match> (0x00000000d5c0ccb8) thrown at [C:\re\workspace\8-2-build-windows-amd64-cygwin\jdk8u45\3457\hotspot\srkñxÜN­»?
Event: 0.108 Thread 0x00000000027d0800 Exception <a 'java/lang/NoSuchMethodError': Method sun.misc.Unsafe.prefetchRead(Ljava/lang/Object;J)V name or signature does not match> (0x00000000d5c0cf48) thrown at [C:\re\workspace\8-2-build-windows-amd64-cygwin\jdk8u45\3457\hotspot\src\share\vm\prims\j­ýŒÛÕ
Ý?
Event: 0.454 Thread 0x00000000027d0800 Exception <a 'java/security/PrivilegedActionException'> (0x00000000d5f85370) thrown at [C:\re\workspace\8-2-build-windows-amd64-cygwin\jdk8u45\3457\hotspot\src\share\vm\prims\jvm.cpp, line 1382]
Event: 0.454 Thread 0x00000000027d0800 Exception <a 'java/security/PrivilegedActionException'> (0x00000000d5f85528) thrown at [C:\re\workspace\8-2-build-windows-amd64-cygwin\jdk8u45\3457\hotspot\src\share\vm\prims\jvm.cpp, line 1382]
Event: 0.457 Thread 0x00000000027d0800 Exception <a 'java/security/PrivilegedActionException'> (0x00000000d5f89020) thrown at [C:\re\workspace\8-2-build-windows-amd64-cygwin\jdk8u45\3457\hotspot\src\share\vm\prims\jvm.cpp, line 1382]
Event: 0.457 Thread 0x00000000027d0800 Exception <a 'java/security/PrivilegedActionException'> (0x00000000d5f891d8) thrown at [C:\re\workspace\8-2-build-windows-amd64-cygwin\jdk8u45\3457\hotspot\src\share\vm\prims\jvm.cpp, line 1382]

Events (10 events):
Event: 2.854 loading class org/lwjgl/opengl/WGLNVGPUAffinity
Event: 2.854 loading class org/lwjgl/opengl/WGLNVGPUAffinity done
Event: 2.857 loading class java/nio/DirectFloatBufferU
Event: 2.857 loading class java/nio/DirectFloatBufferU done
Event: 2.858 loading class org/lwjgl/opengl/GLChecks
Event: 2.858 loading class org/lwjgl/opengl/GLChecks done
Event: 2.860 loading class gene/game/renderer/RawModel
Event: 2.860 loading class gene/game/renderer/RawModel done
Event: 2.862 loading class java/util/ArrayList$Itr
Event: 2.863 loading class java/util/ArrayList$Itr done


Dynamic libraries:
0x00007ff73f0e0000 - 0x00007ff73f117000 	C:\Program Files\Java\jre1.8.0_45\bin\javaw.exe
0x00007ff989d80000 - 0x00007ff989f2c000 	C:\Windows\SYSTEM32\ntdll.dll
0x00007ff989a90000 - 0x00007ff989bce000 	C:\Windows\system32\KERNEL32.DLL
0x00007ff987230000 - 0x00007ff987345000 	C:\Windows\system32\KERNELBASE.dll
0x00007ff985000000 - 0x00007ff98508e000 	C:\Windows\system32\apphelp.dll
0x00007ff982b70000 - 0x00007ff982bc3000 	C:\Windows\AppPatch\AppPatch64\AcGenral.DLL
0x00007ff9897a0000 - 0x00007ff98984a000 	C:\Windows\system32\msvcrt.dll
0x00007ff986d00000 - 0x00007ff986d2e000 	C:\Windows\SYSTEM32\SspiCli.dll
0x00007ff989bd0000 - 0x00007ff989c24000 	C:\Windows\system32\SHLWAPI.dll
0x00007ff989620000 - 0x00007ff989797000 	C:\Windows\system32\USER32.dll
0x00007ff987cf0000 - 0x00007ff987e84000 	C:\Windows\system32\ole32.dll
0x00007ff987fb0000 - 0x00007ff9894c8000 	C:\Windows\system32\SHELL32.dll
0x00007ff986440000 - 0x00007ff986461000 	C:\Windows\SYSTEM32\USERENV.dll
0x00007ff987f00000 - 0x00007ff987faa000 	C:\Windows\system32\ADVAPI32.dll
0x00007ff977750000 - 0x00007ff97776e000 	C:\Windows\SYSTEM32\MPR.dll
0x00007ff9894d0000 - 0x00007ff989611000 	C:\Windows\system32\RPCRT4.dll
0x00007ff9875f0000 - 0x00007ff987649000 	C:\Windows\SYSTEM32\sechost.dll
0x00007ff989860000 - 0x00007ff989a71000 	C:\Windows\SYSTEM32\combase.dll
0x00007ff987650000 - 0x00007ff9877a1000 	C:\Windows\system32\GDI32.dll
0x00007ff986ed0000 - 0x00007ff986ee5000 	C:\Windows\SYSTEM32\profapi.dll
0x00007ff985fc0000 - 0x00007ff986072000 	C:\Windows\SYSTEM32\SHCORE.dll
0x00007ff987400000 - 0x00007ff987436000 	C:\Windows\system32\IMM32.DLL
0x00007ff987880000 - 0x00007ff9879d2000 	C:\Windows\system32\MSCTF.dll
0x00007ff9860f0000 - 0x00007ff98636b000 	C:\Windows\WinSxS\amd64_microsoft.windows.common-controls_6595b64144ccf1df_6.0.9600.17784_none_624760d1ecb7236e\COMCTL32.dll
0x0000000069860000 - 0x0000000069932000 	C:\Program Files\Java\jre1.8.0_45\bin\msvcr100.dll
0x0000000068fd0000 - 0x0000000069853000 	C:\Program Files\Java\jre1.8.0_45\bin\server\jvm.dll
0x00007ff9775f0000 - 0x00007ff9775f9000 	C:\Windows\SYSTEM32\WSOCK32.dll
0x00007ff984770000 - 0x00007ff984792000 	C:\Windows\SYSTEM32\WINMM.dll
0x00007ff9847a0000 - 0x00007ff9847aa000 	C:\Windows\SYSTEM32\VERSION.dll
0x00007ff9877b0000 - 0x00007ff9877b7000 	C:\Windows\system32\PSAPI.DLL
0x00007ff987c90000 - 0x00007ff987cea000 	C:\Windows\system32\WS2_32.dll
0x00007ff984310000 - 0x00007ff98433a000 	C:\Windows\SYSTEM32\WINMMBASE.dll
0x00007ff9879e0000 - 0x00007ff9879e9000 	C:\Windows\system32\NSI.dll
0x00007ff986fa0000 - 0x00007ff986fef000 	C:\Windows\SYSTEM32\cfgmgr32.dll
0x00007ff985260000 - 0x00007ff985288000 	C:\Windows\SYSTEM32\DEVOBJ.dll
0x0000000068fc0000 - 0x0000000068fcf000 	C:\Program Files\Java\jre1.8.0_45\bin\verify.dll
0x0000000068f90000 - 0x0000000068fb9000 	C:\Program Files\Java\jre1.8.0_45\bin\java.dll
0x0000000068f70000 - 0x0000000068f86000 	C:\Program Files\Java\jre1.8.0_45\bin\zip.dll
0x00007ff96e820000 - 0x00007ff96e8a2000 	C:\Users\kagen_000\EclipseProjects\MyGame\MyGame\native\lwjgl.dll
0x00007ff9716c0000 - 0x00007ff9717eb000 	C:\Windows\SYSTEM32\OPENGL32.dll
0x00007ff982680000 - 0x00007ff9826ae000 	C:\Windows\SYSTEM32\GLU32.dll
0x00007ff973570000 - 0x00007ff973668000 	C:\Windows\SYSTEM32\DDRAW.dll
0x00007ff983a60000 - 0x00007ff983a69000 	C:\Windows\SYSTEM32\DCIMAN32.dll
0x00007ff985130000 - 0x00007ff985259000 	C:\Windows\system32\uxtheme.dll
0x00007ff984990000 - 0x00007ff9849b1000 	C:\Windows\SYSTEM32\dwmapi.dll
0x00007ff959a90000 - 0x00007ff95a35a000 	C:\Windows\SYSTEM32\ig75icd64.dll
0x00007ff981c50000 - 0x00007ff9825ec000 	C:\Windows\SYSTEM32\igdusc64.dll
0x00007ff984d30000 - 0x00007ff984d42000 	C:\Windows\SYSTEM32\WTSAPI32.dll
0x00007ff985e50000 - 0x00007ff985eaa000 	C:\Windows\SYSTEM32\WINSTA.dll
0x00007ff986e70000 - 0x00007ff986eb6000 	C:\Windows\SYSTEM32\powrprof.dll
0x00007ff985120000 - 0x00007ff98512b000 	C:\Windows\SYSTEM32\kernel.appcore.dll
0x00007ff986da0000 - 0x00007ff986dab000 	C:\Windows\SYSTEM32\CRYPTBASE.dll
0x00007ff986d30000 - 0x00007ff986d93000 	C:\Windows\SYSTEM32\bcryptPrimitives.dll
0x00007ff97b280000 - 0x00007ff97b409000 	C:\Windows\SYSTEM32\dbghelp.dll

VM Arguments:
jvm_args: -Djava.library.path=C:\Users\kagen_000\EclipseProjects\MyGame\MyGame\native -Dfile.encoding=Cp1252 
java_command: gene.game.engine.GameCore
java_class_path (initial): C:\Users\kagen_000\EclipseProjects\MyGame\MyGame\bin;C:\Users\kagen_000\EclipseProjects\MyGame\MyGame\jar\lwjgl.jar
Launcher Type: SUN_STANDARD

Environment Variables:
PATH=C:\ProgramData\Oracle\Java\javapath;C:\Program Files (x86)\NVIDIA Corporation\PhysX\Common;C:\Program Files (x86)\Intel\iCLS Client\;C:\Program Files\Intel\iCLS Client\;C:\Windows\system32;C:\Windows;C:\Windows\System32\Wbem;C:\Windows\System32\WindowsPowerShell\v1.0\;C:\Program Files\Intel\Intel(R) Management Engine Components\DAL;C:\Program Files (x86)\Intel\Intel(R) Management Engine Components\DAL;C:\Program Files\Intel\Intel(R) Management Engine Components\IPT;C:\Program Files (x86)\Intel\Intel(R) Management Engine Components\IPT;C:\Program Files (x86)\Skype\Phone\;C:\Program Files (x86)\MySQL\MySQL Fabric 1.5.4 & MySQL Utilities 1.5.4 1.5\;C:\Program Files (x86)\MySQL\MySQL Fabric 1.5.4 & MySQL Utilities 1.5.4 1.5\Doctrine extensions for PHP\;C:\Program Files\Sublime Text 3;C:\Users\kagen_000\Documents\CommandPrompt\Commands;c:\Program Files\Java\jdk1.7.0_79\bin;C:\Program Files\MySQL\MySQL Server 5.6\bin;
USERNAME=kagen_000
OS=Windows_NT
PROCESSOR_IDENTIFIER=Intel64 Family 6 Model 69 Stepping 1, GenuineIntel



---------------  S Y S T E M  ---------------

OS: Windows 8.1 , 64 bit Build 9600 (6.3.9600.17415)

CPU:total 4 (2 cores per cpu, 2 threads per core) family 6 model 69 stepping 1, cmov, cx8, fxsr, mmx, sse, sse2, sse3, ssse3, sse4.1, sse4.2, popcnt, avx, avx2, aes, clmul, erms, lzcnt, ht, tsc, tscinvbit, bmi1, bmi2

Memory: 4k page, physical 8304332k(3431404k free), swap 16692940k(9599500k free)

vm_info: Java HotSpot(TM) 64-Bit Server VM (25.45-b02) for windows-amd64 JRE (1.8.0_45-b14), built on Apr 10 2015 10:34:15 by "java_re" with MS VC++ 10.0 (VS2010)

time: Sat May 23 12:44:32 2015
elapsed time: 2 seconds (0d 0h 0m 2s)

